<?xml version="1.0" encoding="UTF-8"?>
<!-- Generated by org.testng.reporters.JUnitReportReporter -->
<testsuite hostname="LAPTOP-BG6GTRE3" failures="0" tests="6" name="tests.LoginTest" time="7.818" errors="0" timestamp="2025-03-16T14:56:59 EET" skipped="0">
  <testcase classname="tests.LoginTest" name="verifyLogoIsDisplayed" time="0.039"/>
  <system-out/>
  <testcase classname="tests.LoginTest" name="clickSignInRegister" time="0.221"/>
  <system-out/>
  <testcase classname="tests.LoginTest" name="verifySignInPageText" time="1.064"/>
  <system-out/>
  <testcase classname="tests.LoginTest" name="enterCredentialsAndLogin" time="0.817"/>
  <system-out/>
  <testcase classname="tests.LoginTest" name="verifyLoginSuccess" time="3.469"/>
  <system-out/>
  <testcase classname="tests.LoginTest" name="verifyWelcomeMessage" time="2.208"/>
  <system-out/>
</testsuite> <!-- tests.LoginTest -->
